<?xml version="1.0" encoding="UTF-8"?>
<!-- Generated by org.testng.reporters.JUnitXMLReporter -->
<testsuite hostname="DESKTOP-FVDUEQR" ignored="0" name="Test" tests="6" failures="0" timestamp="10 Mar 2019 10:09:11 GMT" time="0.088" errors="0">
  <testcase name="test1" time="0.012" classname="scripts.testng.TestNGConfig1"/>
  <testcase name="test2" time="0.0" classname="scripts.testng.TestNGConfig1"/>
  <testcase name="test3" time="0.0" classname="scripts.testng.TestNGConfig1"/>
  <testcase name="test1" time="0.0" classname="scripts.testng.TestNGConfig2"/>
  <testcase name="test2" time="0.004" classname="scripts.testng.TestNGConfig2"/>
  <testcase name="test3" time="0.0" classname="scripts.testng.TestNGConfig2"/>
</testsuite> <!-- Test -->
