<?xml version="1.0" encoding="UTF-8"?>
<!-- Generated by org.testng.reporters.JUnitXMLReporter -->
<testsuite hostname="DESKTOP-FVDUEQR" ignored="0" name="Test1" tests="6" failures="0" timestamp="17 Mar 2019 07:07:45 GMT" time="0.212" errors="0">
  <testcase name="test1" time="0.011" classname="scripts.testng.TestNGConfig1"/>
  <testcase name="test2" time="0.006" classname="scripts.testng.TestNGConfig1"/>
  <testcase name="test3" time="0.023" classname="scripts.testng.TestNGConfig1"/>
  <testcase name="test1" time="0.004" classname="scripts.testng.TestNGConfig2"/>
  <testcase name="test2" time="0.011" classname="scripts.testng.TestNGConfig2"/>
  <testcase name="test3" time="0.019" classname="scripts.testng.TestNGConfig2"/>
</testsuite> <!-- Test1 -->
