<?xml version="1.0" encoding="UTF-8"?>
<!-- Generated by org.testng.reporters.JUnitXMLReporter -->
<testsuite hostname="DESKTOP-FVDUEQR" ignored="0" name="Test2" tests="6" failures="0" timestamp="17 Mar 2019 07:07:45 GMT" time="0.108" errors="0">
  <testcase name="test1" time="0.005" classname="scripts.testng.TestNGConfig3"/>
  <testcase name="test2" time="0.008" classname="scripts.testng.TestNGConfig3"/>
  <testcase name="test3" time="0.002" classname="scripts.testng.TestNGConfig3"/>
  <testcase name="test1" time="0.004" classname="scripts.testng.TestNGConfig4"/>
  <testcase name="test2" time="0.004" classname="scripts.testng.TestNGConfig4"/>
  <testcase name="test3" time="0.003" classname="scripts.testng.TestNGConfig4"/>
</testsuite> <!-- Test2 -->
